2023-12-22 02:41:58 [scrapy.utils.log] INFO: Scrapy 2.11.0 started (bot: BookParser)
2023-12-22 02:41:58 [scrapy.utils.log] INFO: Versions: lxml 4.9.3.0, libxml2 2.10.3, cssselect 1.2.0, parsel 1.8.1, w3lib 2.1.2, Twisted 22.10.0, Python 3.12.0 (tags/v3.12.0:0fb18b0, Oct  2 2023, 13:03:39) [MSC v.1935 64 bit (AMD64)], pyOpenSSL 23.3.0 (OpenSSL 3.1.4 24 Oct 2023), cryptography 41.0.5, Platform Windows-11-10.0.22631-SP0
2023-12-22 02:41:58 [scrapy.addons] INFO: Enabled addons:
[]
2023-12-22 02:41:58 [asyncio] DEBUG: Using selector: SelectSelector
2023-12-22 02:41:58 [scrapy.utils.log] DEBUG: Using reactor: twisted.internet.asyncioreactor.AsyncioSelectorReactor
2023-12-22 02:41:58 [scrapy.utils.log] DEBUG: Using asyncio event loop: asyncio.windows_events._WindowsSelectorEventLoop
2023-12-22 02:41:58 [scrapy.extensions.telnet] INFO: Telnet Password: a2554c239bcdd180
2023-12-22 02:41:58 [scrapy.middleware] INFO: Enabled extensions:
['scrapy.extensions.corestats.CoreStats',
 'scrapy.extensions.telnet.TelnetConsole',
 'scrapy.extensions.logstats.LogStats']
2023-12-22 02:41:58 [scrapy.crawler] INFO: Overridden settings:
{'BOT_NAME': 'BookParser',
 'DOWNLOAD_DELAY': 0.4,
 'FEED_EXPORT_ENCODING': 'utf-8',
 'LOG_FILE': 'log_scrapy.log',
 'NEWSPIDER_MODULE': 'BookParser.spiders',
 'REQUEST_FINGERPRINTER_IMPLEMENTATION': '2.7',
 'ROBOTSTXT_OBEY': True,
 'SPIDER_MODULES': ['BookParser.spiders'],
 'TWISTED_REACTOR': 'twisted.internet.asyncioreactor.AsyncioSelectorReactor',
 'USER_AGENT': 'Mozilla/5.0 (Windows NT 10.0; Win64; x64) AppleWebKit/537.36 '
               '(KHTML, like Gecko) Chrome/58.0.3029.110 Safari/537.3'}
2023-12-22 02:41:58 [scrapy.middleware] INFO: Enabled downloader middlewares:
['scrapy.downloadermiddlewares.robotstxt.RobotsTxtMiddleware',
 'scrapy.downloadermiddlewares.httpauth.HttpAuthMiddleware',
 'scrapy.downloadermiddlewares.downloadtimeout.DownloadTimeoutMiddleware',
 'scrapy.downloadermiddlewares.defaultheaders.DefaultHeadersMiddleware',
 'scrapy.downloadermiddlewares.useragent.UserAgentMiddleware',
 'scrapy.downloadermiddlewares.retry.RetryMiddleware',
 'scrapy.downloadermiddlewares.redirect.MetaRefreshMiddleware',
 'scrapy.downloadermiddlewares.httpcompression.HttpCompressionMiddleware',
 'scrapy.downloadermiddlewares.redirect.RedirectMiddleware',
 'scrapy.downloadermiddlewares.cookies.CookiesMiddleware',
 'scrapy.downloadermiddlewares.httpproxy.HttpProxyMiddleware',
 'scrapy.downloadermiddlewares.stats.DownloaderStats']
2023-12-22 02:41:58 [scrapy.middleware] INFO: Enabled spider middlewares:
['scrapy.spidermiddlewares.httperror.HttpErrorMiddleware',
 'scrapy.spidermiddlewares.offsite.OffsiteMiddleware',
 'scrapy.spidermiddlewares.referer.RefererMiddleware',
 'scrapy.spidermiddlewares.urllength.UrlLengthMiddleware',
 'scrapy.spidermiddlewares.depth.DepthMiddleware']
2023-12-22 02:41:58 [scrapy.middleware] INFO: Enabled item pipelines:
[]
2023-12-22 02:41:58 [scrapy.core.engine] INFO: Spider opened
2023-12-22 02:41:58 [scrapy.extensions.logstats] INFO: Crawled 0 pages (at 0 pages/min), scraped 0 items (at 0 items/min)
2023-12-22 02:41:58 [scrapy.extensions.telnet] INFO: Telnet console listening on 127.0.0.1:6023
2023-12-22 02:41:59 [scrapy.core.engine] DEBUG: Crawled (200) <GET https://www.booking.com/robots.txt> (referer: None)
2023-12-22 02:42:02 [scrapy.core.engine] DEBUG: Crawled (200) <GET https://www.booking.com/hotel/id/eka-s-homestay.en-gb.html?group_adults=1&no_rooms=1&group_children=0&checkin=2024-01-22&checkout=2024-01-23&selected_currency=USD> (referer: None)
2023-12-22 02:42:02 [scrapy.core.engine] DEBUG: Crawled (200) <GET https://www.booking.com/hotel/id/tara-house.en-gb.html?group_adults=1&no_rooms=1&group_children=0&checkin=2024-01-22&checkout=2024-01-23&selected_currency=USD> (referer: None)
2023-12-22 02:42:03 [scrapy.core.engine] DEBUG: Crawled (200) <GET https://www.booking.com/hotel/id/indalodge.en-gb.html?group_adults=1&no_rooms=1&group_children=0&checkin=2024-01-22&checkout=2024-01-23&selected_currency=USD> (referer: None)
2023-12-22 02:42:04 [scrapy.core.engine] DEBUG: Crawled (200) <GET https://www.booking.com/hotel/id/pondok-bambu-homestay.en-gb.html?group_adults=1&no_rooms=1&group_children=0&checkin=2024-01-22&checkout=2024-01-23&selected_currency=USD> (referer: None)
2023-12-22 02:42:04 [scrapy.core.engine] DEBUG: Crawled (200) <GET https://www.booking.com/hotel/id/frangipani-bungalow.en-gb.html?group_adults=1&no_rooms=1&group_children=0&checkin=2024-01-22&checkout=2024-01-23&selected_currency=USD> (referer: None)
2023-12-22 02:42:04 [scrapy.core.scraper] ERROR: Spider error processing <GET https://www.booking.com/hotel/id/frangipani-bungalow.en-gb.html?group_adults=1&no_rooms=1&group_children=0&checkin=2024-01-22&checkout=2024-01-23&selected_currency=USD> (referer: None)
Traceback (most recent call last):
  File "C:\Users\max\AppData\Local\Programs\Python\Python312\Lib\site-packages\mysql\connector\cursor_cext.py", line 300, in execute
    raise ProgrammingError
mysql.connector.errors.ProgrammingError: Unknown error

The above exception was the direct cause of the following exception:

Traceback (most recent call last):
  File "C:\Users\max\AppData\Local\Programs\Python\Python312\Lib\site-packages\twisted\internet\defer.py", line 892, in _runCallbacks
    current.result = callback(  # type: ignore[misc]
                     ^^^^^^^^^^^^^^^^^^^^^^^^^^^^^^^
  File "C:\Users\max\Desktop\BookParser\BookParser\spiders\booking_update.py", line 118, in parse
    self.cursor.execute(sql, (
  File "C:\Users\max\AppData\Local\Programs\Python\Python312\Lib\site-packages\mysql\connector\cursor_cext.py", line 302, in execute
    raise ProgrammingError("Cursor is not connected", 2055) from err
mysql.connector.errors.ProgrammingError: 2055: Cursor is not connected
2023-12-22 02:42:05 [scrapy.core.engine] DEBUG: Crawled (200) <GET https://www.booking.com/hotel/id/ww-backpackers.en-gb.html?group_adults=1&no_rooms=1&group_children=0&checkin=2024-01-22&checkout=2024-01-23&selected_currency=USD> (referer: None)
2023-12-22 02:42:05 [scrapy.core.engine] DEBUG: Crawled (200) <GET https://www.booking.com/hotel/id/kubu-taman-home-stay.en-gb.html?group_adults=1&no_rooms=1&group_children=0&checkin=2024-01-22&checkout=2024-01-23&selected_currency=USD> (referer: None)
2023-12-22 02:42:05 [scrapy.core.scraper] ERROR: Spider error processing <GET https://www.booking.com/hotel/id/ww-backpackers.en-gb.html?group_adults=1&no_rooms=1&group_children=0&checkin=2024-01-22&checkout=2024-01-23&selected_currency=USD> (referer: None)
Traceback (most recent call last):
  File "C:\Users\max\AppData\Local\Programs\Python\Python312\Lib\site-packages\mysql\connector\cursor_cext.py", line 300, in execute
    raise ProgrammingError
mysql.connector.errors.ProgrammingError: Unknown error

The above exception was the direct cause of the following exception:

Traceback (most recent call last):
  File "C:\Users\max\AppData\Local\Programs\Python\Python312\Lib\site-packages\twisted\internet\defer.py", line 892, in _runCallbacks
    current.result = callback(  # type: ignore[misc]
                     ^^^^^^^^^^^^^^^^^^^^^^^^^^^^^^^
  File "C:\Users\max\Desktop\BookParser\BookParser\spiders\booking_update.py", line 118, in parse
    self.cursor.execute(sql, (
  File "C:\Users\max\AppData\Local\Programs\Python\Python312\Lib\site-packages\mysql\connector\cursor_cext.py", line 302, in execute
    raise ProgrammingError("Cursor is not connected", 2055) from err
mysql.connector.errors.ProgrammingError: 2055: Cursor is not connected
2023-12-22 02:42:05 [scrapy.core.scraper] ERROR: Spider error processing <GET https://www.booking.com/hotel/id/kubu-taman-home-stay.en-gb.html?group_adults=1&no_rooms=1&group_children=0&checkin=2024-01-22&checkout=2024-01-23&selected_currency=USD> (referer: None)
Traceback (most recent call last):
  File "C:\Users\max\AppData\Local\Programs\Python\Python312\Lib\site-packages\mysql\connector\cursor_cext.py", line 300, in execute
    raise ProgrammingError
mysql.connector.errors.ProgrammingError: Unknown error

The above exception was the direct cause of the following exception:

Traceback (most recent call last):
  File "C:\Users\max\AppData\Local\Programs\Python\Python312\Lib\site-packages\twisted\internet\defer.py", line 892, in _runCallbacks
    current.result = callback(  # type: ignore[misc]
                     ^^^^^^^^^^^^^^^^^^^^^^^^^^^^^^^
  File "C:\Users\max\Desktop\BookParser\BookParser\spiders\booking_update.py", line 118, in parse
    self.cursor.execute(sql, (
  File "C:\Users\max\AppData\Local\Programs\Python\Python312\Lib\site-packages\mysql\connector\cursor_cext.py", line 302, in execute
    raise ProgrammingError("Cursor is not connected", 2055) from err
mysql.connector.errors.ProgrammingError: 2055: Cursor is not connected
2023-12-22 02:42:06 [scrapy.core.engine] DEBUG: Crawled (200) <GET https://www.booking.com/hotel/id/santana-bali-home-stay.en-gb.html?group_adults=1&no_rooms=1&group_children=0&checkin=2024-01-22&checkout=2024-01-23&selected_currency=USD> (referer: None)
2023-12-22 02:42:06 [scrapy.core.engine] DEBUG: Crawled (200) <GET https://www.booking.com/hotel/id/jero-di-bisma-hostel.en-gb.html?group_adults=1&no_rooms=1&group_children=0&checkin=2024-01-22&checkout=2024-01-23&selected_currency=USD> (referer: None)
2023-12-22 02:42:06 [scrapy.core.scraper] ERROR: Spider error processing <GET https://www.booking.com/hotel/id/santana-bali-home-stay.en-gb.html?group_adults=1&no_rooms=1&group_children=0&checkin=2024-01-22&checkout=2024-01-23&selected_currency=USD> (referer: None)
Traceback (most recent call last):
  File "C:\Users\max\AppData\Local\Programs\Python\Python312\Lib\site-packages\mysql\connector\cursor_cext.py", line 300, in execute
    raise ProgrammingError
mysql.connector.errors.ProgrammingError: Unknown error

The above exception was the direct cause of the following exception:

Traceback (most recent call last):
  File "C:\Users\max\AppData\Local\Programs\Python\Python312\Lib\site-packages\twisted\internet\defer.py", line 892, in _runCallbacks
    current.result = callback(  # type: ignore[misc]
                     ^^^^^^^^^^^^^^^^^^^^^^^^^^^^^^^
  File "C:\Users\max\Desktop\BookParser\BookParser\spiders\booking_update.py", line 118, in parse
    self.cursor.execute(sql, (
  File "C:\Users\max\AppData\Local\Programs\Python\Python312\Lib\site-packages\mysql\connector\cursor_cext.py", line 302, in execute
    raise ProgrammingError("Cursor is not connected", 2055) from err
mysql.connector.errors.ProgrammingError: 2055: Cursor is not connected
2023-12-22 02:42:06 [scrapy.core.scraper] ERROR: Spider error processing <GET https://www.booking.com/hotel/id/jero-di-bisma-hostel.en-gb.html?group_adults=1&no_rooms=1&group_children=0&checkin=2024-01-22&checkout=2024-01-23&selected_currency=USD> (referer: None)
Traceback (most recent call last):
  File "C:\Users\max\AppData\Local\Programs\Python\Python312\Lib\site-packages\mysql\connector\cursor_cext.py", line 300, in execute
    raise ProgrammingError
mysql.connector.errors.ProgrammingError: Unknown error

The above exception was the direct cause of the following exception:

Traceback (most recent call last):
  File "C:\Users\max\AppData\Local\Programs\Python\Python312\Lib\site-packages\twisted\internet\defer.py", line 892, in _runCallbacks
    current.result = callback(  # type: ignore[misc]
                     ^^^^^^^^^^^^^^^^^^^^^^^^^^^^^^^
  File "C:\Users\max\Desktop\BookParser\BookParser\spiders\booking_update.py", line 118, in parse
    self.cursor.execute(sql, (
  File "C:\Users\max\AppData\Local\Programs\Python\Python312\Lib\site-packages\mysql\connector\cursor_cext.py", line 302, in execute
    raise ProgrammingError("Cursor is not connected", 2055) from err
mysql.connector.errors.ProgrammingError: 2055: Cursor is not connected
2023-12-22 02:42:06 [scrapy.core.engine] DEBUG: Crawled (200) <GET https://www.booking.com/hotel/id/poshtel-ubud-kabupaten-gianyar.en-gb.html?group_adults=1&no_rooms=1&group_children=0&checkin=2024-01-22&checkout=2024-01-23&selected_currency=USD> (referer: None)
2023-12-22 02:42:06 [scrapy.core.scraper] ERROR: Spider error processing <GET https://www.booking.com/hotel/id/poshtel-ubud-kabupaten-gianyar.en-gb.html?group_adults=1&no_rooms=1&group_children=0&checkin=2024-01-22&checkout=2024-01-23&selected_currency=USD> (referer: None)
Traceback (most recent call last):
  File "C:\Users\max\AppData\Local\Programs\Python\Python312\Lib\site-packages\mysql\connector\cursor_cext.py", line 300, in execute
    raise ProgrammingError
mysql.connector.errors.ProgrammingError: Unknown error

The above exception was the direct cause of the following exception:

Traceback (most recent call last):
  File "C:\Users\max\AppData\Local\Programs\Python\Python312\Lib\site-packages\twisted\internet\defer.py", line 892, in _runCallbacks
    current.result = callback(  # type: ignore[misc]
                     ^^^^^^^^^^^^^^^^^^^^^^^^^^^^^^^
  File "C:\Users\max\Desktop\BookParser\BookParser\spiders\booking_update.py", line 118, in parse
    self.cursor.execute(sql, (
  File "C:\Users\max\AppData\Local\Programs\Python\Python312\Lib\site-packages\mysql\connector\cursor_cext.py", line 302, in execute
    raise ProgrammingError("Cursor is not connected", 2055) from err
mysql.connector.errors.ProgrammingError: 2055: Cursor is not connected
2023-12-22 02:42:07 [scrapy.core.engine] DEBUG: Crawled (200) <GET https://www.booking.com/hotel/id/sari-bungalow.en-gb.html?group_adults=1&no_rooms=1&group_children=0&checkin=2024-01-22&checkout=2024-01-23&selected_currency=USD> (referer: None)
2023-12-22 02:42:07 [scrapy.core.scraper] ERROR: Spider error processing <GET https://www.booking.com/hotel/id/sari-bungalow.en-gb.html?group_adults=1&no_rooms=1&group_children=0&checkin=2024-01-22&checkout=2024-01-23&selected_currency=USD> (referer: None)
Traceback (most recent call last):
  File "C:\Users\max\AppData\Local\Programs\Python\Python312\Lib\site-packages\mysql\connector\cursor_cext.py", line 300, in execute
    raise ProgrammingError
mysql.connector.errors.ProgrammingError: Unknown error

The above exception was the direct cause of the following exception:

Traceback (most recent call last):
  File "C:\Users\max\AppData\Local\Programs\Python\Python312\Lib\site-packages\twisted\internet\defer.py", line 892, in _runCallbacks
    current.result = callback(  # type: ignore[misc]
                     ^^^^^^^^^^^^^^^^^^^^^^^^^^^^^^^
  File "C:\Users\max\Desktop\BookParser\BookParser\spiders\booking_update.py", line 118, in parse
    self.cursor.execute(sql, (
  File "C:\Users\max\AppData\Local\Programs\Python\Python312\Lib\site-packages\mysql\connector\cursor_cext.py", line 302, in execute
    raise ProgrammingError("Cursor is not connected", 2055) from err
mysql.connector.errors.ProgrammingError: 2055: Cursor is not connected
2023-12-22 02:42:07 [scrapy.core.engine] DEBUG: Crawled (200) <GET https://www.booking.com/hotel/id/adi-santia-bungalows.en-gb.html?group_adults=1&no_rooms=1&group_children=0&checkin=2024-01-22&checkout=2024-01-23&selected_currency=USD> (referer: None)
2023-12-22 02:42:07 [scrapy.core.scraper] ERROR: Spider error processing <GET https://www.booking.com/hotel/id/adi-santia-bungalows.en-gb.html?group_adults=1&no_rooms=1&group_children=0&checkin=2024-01-22&checkout=2024-01-23&selected_currency=USD> (referer: None)
Traceback (most recent call last):
  File "C:\Users\max\AppData\Local\Programs\Python\Python312\Lib\site-packages\mysql\connector\cursor_cext.py", line 300, in execute
    raise ProgrammingError
mysql.connector.errors.ProgrammingError: Unknown error

The above exception was the direct cause of the following exception:

Traceback (most recent call last):
  File "C:\Users\max\AppData\Local\Programs\Python\Python312\Lib\site-packages\twisted\internet\defer.py", line 892, in _runCallbacks
    current.result = callback(  # type: ignore[misc]
                     ^^^^^^^^^^^^^^^^^^^^^^^^^^^^^^^
  File "C:\Users\max\Desktop\BookParser\BookParser\spiders\booking_update.py", line 118, in parse
    self.cursor.execute(sql, (
  File "C:\Users\max\AppData\Local\Programs\Python\Python312\Lib\site-packages\mysql\connector\cursor_cext.py", line 302, in execute
    raise ProgrammingError("Cursor is not connected", 2055) from err
mysql.connector.errors.ProgrammingError: 2055: Cursor is not connected
2023-12-22 02:42:07 [scrapy.core.engine] DEBUG: Crawled (200) <GET https://www.booking.com/hotel/id/praety-home-stay.en-gb.html?group_adults=1&no_rooms=1&group_children=0&checkin=2024-01-22&checkout=2024-01-23&selected_currency=USD> (referer: None)
2023-12-22 02:42:08 [scrapy.core.scraper] ERROR: Spider error processing <GET https://www.booking.com/hotel/id/praety-home-stay.en-gb.html?group_adults=1&no_rooms=1&group_children=0&checkin=2024-01-22&checkout=2024-01-23&selected_currency=USD> (referer: None)
Traceback (most recent call last):
  File "C:\Users\max\AppData\Local\Programs\Python\Python312\Lib\site-packages\mysql\connector\cursor_cext.py", line 300, in execute
    raise ProgrammingError
mysql.connector.errors.ProgrammingError: Unknown error

The above exception was the direct cause of the following exception:

Traceback (most recent call last):
  File "C:\Users\max\AppData\Local\Programs\Python\Python312\Lib\site-packages\twisted\internet\defer.py", line 892, in _runCallbacks
    current.result = callback(  # type: ignore[misc]
                     ^^^^^^^^^^^^^^^^^^^^^^^^^^^^^^^
  File "C:\Users\max\Desktop\BookParser\BookParser\spiders\booking_update.py", line 118, in parse
    self.cursor.execute(sql, (
  File "C:\Users\max\AppData\Local\Programs\Python\Python312\Lib\site-packages\mysql\connector\cursor_cext.py", line 302, in execute
    raise ProgrammingError("Cursor is not connected", 2055) from err
mysql.connector.errors.ProgrammingError: 2055: Cursor is not connected
2023-12-22 02:42:08 [scrapy.core.engine] DEBUG: Crawled (200) <GET https://www.booking.com/hotel/id/dewa-hostel-2.en-gb.html?group_adults=1&no_rooms=1&group_children=0&checkin=2024-01-22&checkout=2024-01-23&selected_currency=USD> (referer: None)
2023-12-22 02:42:08 [scrapy.core.scraper] ERROR: Spider error processing <GET https://www.booking.com/hotel/id/dewa-hostel-2.en-gb.html?group_adults=1&no_rooms=1&group_children=0&checkin=2024-01-22&checkout=2024-01-23&selected_currency=USD> (referer: None)
Traceback (most recent call last):
  File "C:\Users\max\AppData\Local\Programs\Python\Python312\Lib\site-packages\mysql\connector\cursor_cext.py", line 300, in execute
    raise ProgrammingError
mysql.connector.errors.ProgrammingError: Unknown error

The above exception was the direct cause of the following exception:

Traceback (most recent call last):
  File "C:\Users\max\AppData\Local\Programs\Python\Python312\Lib\site-packages\twisted\internet\defer.py", line 892, in _runCallbacks
    current.result = callback(  # type: ignore[misc]
                     ^^^^^^^^^^^^^^^^^^^^^^^^^^^^^^^
  File "C:\Users\max\Desktop\BookParser\BookParser\spiders\booking_update.py", line 118, in parse
    self.cursor.execute(sql, (
  File "C:\Users\max\AppData\Local\Programs\Python\Python312\Lib\site-packages\mysql\connector\cursor_cext.py", line 302, in execute
    raise ProgrammingError("Cursor is not connected", 2055) from err
mysql.connector.errors.ProgrammingError: 2055: Cursor is not connected
2023-12-22 02:42:09 [scrapy.core.engine] DEBUG: Crawled (200) <GET https://www.booking.com/hotel/id/gerhana-sari-2-bungalows.en-gb.html?group_adults=1&no_rooms=1&group_children=0&checkin=2024-01-22&checkout=2024-01-23&selected_currency=USD> (referer: None)
2023-12-22 02:42:09 [scrapy.core.scraper] ERROR: Spider error processing <GET https://www.booking.com/hotel/id/gerhana-sari-2-bungalows.en-gb.html?group_adults=1&no_rooms=1&group_children=0&checkin=2024-01-22&checkout=2024-01-23&selected_currency=USD> (referer: None)
Traceback (most recent call last):
  File "C:\Users\max\AppData\Local\Programs\Python\Python312\Lib\site-packages\mysql\connector\cursor_cext.py", line 300, in execute
    raise ProgrammingError
mysql.connector.errors.ProgrammingError: Unknown error

The above exception was the direct cause of the following exception:

Traceback (most recent call last):
  File "C:\Users\max\AppData\Local\Programs\Python\Python312\Lib\site-packages\twisted\internet\defer.py", line 892, in _runCallbacks
    current.result = callback(  # type: ignore[misc]
                     ^^^^^^^^^^^^^^^^^^^^^^^^^^^^^^^
  File "C:\Users\max\Desktop\BookParser\BookParser\spiders\booking_update.py", line 118, in parse
    self.cursor.execute(sql, (
  File "C:\Users\max\AppData\Local\Programs\Python\Python312\Lib\site-packages\mysql\connector\cursor_cext.py", line 302, in execute
    raise ProgrammingError("Cursor is not connected", 2055) from err
mysql.connector.errors.ProgrammingError: 2055: Cursor is not connected
2023-12-22 02:42:09 [scrapy.core.engine] DEBUG: Crawled (200) <GET https://www.booking.com/hotel/id/secret-garden-guest-house.en-gb.html?group_adults=1&no_rooms=1&group_children=0&checkin=2024-01-22&checkout=2024-01-23&selected_currency=USD> (referer: None)
2023-12-22 02:42:09 [scrapy.core.scraper] ERROR: Spider error processing <GET https://www.booking.com/hotel/id/secret-garden-guest-house.en-gb.html?group_adults=1&no_rooms=1&group_children=0&checkin=2024-01-22&checkout=2024-01-23&selected_currency=USD> (referer: None)
Traceback (most recent call last):
  File "C:\Users\max\AppData\Local\Programs\Python\Python312\Lib\site-packages\mysql\connector\cursor_cext.py", line 300, in execute
    raise ProgrammingError
mysql.connector.errors.ProgrammingError: Unknown error

The above exception was the direct cause of the following exception:

Traceback (most recent call last):
  File "C:\Users\max\AppData\Local\Programs\Python\Python312\Lib\site-packages\twisted\internet\defer.py", line 892, in _runCallbacks
    current.result = callback(  # type: ignore[misc]
                     ^^^^^^^^^^^^^^^^^^^^^^^^^^^^^^^
  File "C:\Users\max\Desktop\BookParser\BookParser\spiders\booking_update.py", line 118, in parse
    self.cursor.execute(sql, (
  File "C:\Users\max\AppData\Local\Programs\Python\Python312\Lib\site-packages\mysql\connector\cursor_cext.py", line 302, in execute
    raise ProgrammingError("Cursor is not connected", 2055) from err
mysql.connector.errors.ProgrammingError: 2055: Cursor is not connected
2023-12-22 02:42:10 [scrapy.core.engine] DEBUG: Crawled (200) <GET https://www.booking.com/hotel/id/arjuna-house-ii.en-gb.html?group_adults=1&no_rooms=1&group_children=0&checkin=2024-01-22&checkout=2024-01-23&selected_currency=USD> (referer: None)
2023-12-22 02:42:10 [scrapy.core.scraper] ERROR: Spider error processing <GET https://www.booking.com/hotel/id/arjuna-house-ii.en-gb.html?group_adults=1&no_rooms=1&group_children=0&checkin=2024-01-22&checkout=2024-01-23&selected_currency=USD> (referer: None)
Traceback (most recent call last):
  File "C:\Users\max\AppData\Local\Programs\Python\Python312\Lib\site-packages\mysql\connector\cursor_cext.py", line 300, in execute
    raise ProgrammingError
mysql.connector.errors.ProgrammingError: Unknown error

The above exception was the direct cause of the following exception:

Traceback (most recent call last):
  File "C:\Users\max\AppData\Local\Programs\Python\Python312\Lib\site-packages\twisted\internet\defer.py", line 892, in _runCallbacks
    current.result = callback(  # type: ignore[misc]
                     ^^^^^^^^^^^^^^^^^^^^^^^^^^^^^^^
  File "C:\Users\max\Desktop\BookParser\BookParser\spiders\booking_update.py", line 118, in parse
    self.cursor.execute(sql, (
  File "C:\Users\max\AppData\Local\Programs\Python\Python312\Lib\site-packages\mysql\connector\cursor_cext.py", line 302, in execute
    raise ProgrammingError("Cursor is not connected", 2055) from err
mysql.connector.errors.ProgrammingError: 2055: Cursor is not connected
2023-12-22 02:42:11 [scrapy.core.engine] DEBUG: Crawled (200) <GET https://www.booking.com/hotel/id/puri-bayu-ubud2.en-gb.html?group_adults=1&no_rooms=1&group_children=0&checkin=2024-01-22&checkout=2024-01-23&selected_currency=USD> (referer: None)
2023-12-22 02:42:11 [scrapy.core.engine] DEBUG: Crawled (200) <GET https://www.booking.com/hotel/id/ayu-homestay.en-gb.html?group_adults=1&no_rooms=1&group_children=0&checkin=2024-01-22&checkout=2024-01-23&selected_currency=USD> (referer: None)
2023-12-22 02:42:11 [scrapy.core.scraper] ERROR: Spider error processing <GET https://www.booking.com/hotel/id/puri-bayu-ubud2.en-gb.html?group_adults=1&no_rooms=1&group_children=0&checkin=2024-01-22&checkout=2024-01-23&selected_currency=USD> (referer: None)
Traceback (most recent call last):
  File "C:\Users\max\AppData\Local\Programs\Python\Python312\Lib\site-packages\mysql\connector\cursor_cext.py", line 300, in execute
    raise ProgrammingError
mysql.connector.errors.ProgrammingError: Unknown error

The above exception was the direct cause of the following exception:

Traceback (most recent call last):
  File "C:\Users\max\AppData\Local\Programs\Python\Python312\Lib\site-packages\twisted\internet\defer.py", line 892, in _runCallbacks
    current.result = callback(  # type: ignore[misc]
                     ^^^^^^^^^^^^^^^^^^^^^^^^^^^^^^^
  File "C:\Users\max\Desktop\BookParser\BookParser\spiders\booking_update.py", line 118, in parse
    self.cursor.execute(sql, (
  File "C:\Users\max\AppData\Local\Programs\Python\Python312\Lib\site-packages\mysql\connector\cursor_cext.py", line 302, in execute
    raise ProgrammingError("Cursor is not connected", 2055) from err
mysql.connector.errors.ProgrammingError: 2055: Cursor is not connected
2023-12-22 02:42:11 [scrapy.core.scraper] ERROR: Spider error processing <GET https://www.booking.com/hotel/id/ayu-homestay.en-gb.html?group_adults=1&no_rooms=1&group_children=0&checkin=2024-01-22&checkout=2024-01-23&selected_currency=USD> (referer: None)
Traceback (most recent call last):
  File "C:\Users\max\AppData\Local\Programs\Python\Python312\Lib\site-packages\mysql\connector\cursor_cext.py", line 300, in execute
    raise ProgrammingError
mysql.connector.errors.ProgrammingError: Unknown error

The above exception was the direct cause of the following exception:

Traceback (most recent call last):
  File "C:\Users\max\AppData\Local\Programs\Python\Python312\Lib\site-packages\twisted\internet\defer.py", line 892, in _runCallbacks
    current.result = callback(  # type: ignore[misc]
                     ^^^^^^^^^^^^^^^^^^^^^^^^^^^^^^^
  File "C:\Users\max\Desktop\BookParser\BookParser\spiders\booking_update.py", line 118, in parse
    self.cursor.execute(sql, (
  File "C:\Users\max\AppData\Local\Programs\Python\Python312\Lib\site-packages\mysql\connector\cursor_cext.py", line 302, in execute
    raise ProgrammingError("Cursor is not connected", 2055) from err
mysql.connector.errors.ProgrammingError: 2055: Cursor is not connected
2023-12-22 02:42:11 [scrapy.core.engine] DEBUG: Crawled (200) <GET https://www.booking.com/hotel/id/teja-home-stay.en-gb.html?group_adults=1&no_rooms=1&group_children=0&checkin=2024-01-22&checkout=2024-01-23&selected_currency=USD> (referer: None)
2023-12-22 02:42:11 [scrapy.core.scraper] ERROR: Spider error processing <GET https://www.booking.com/hotel/id/teja-home-stay.en-gb.html?group_adults=1&no_rooms=1&group_children=0&checkin=2024-01-22&checkout=2024-01-23&selected_currency=USD> (referer: None)
Traceback (most recent call last):
  File "C:\Users\max\AppData\Local\Programs\Python\Python312\Lib\site-packages\mysql\connector\cursor_cext.py", line 300, in execute
    raise ProgrammingError
mysql.connector.errors.ProgrammingError: Unknown error

The above exception was the direct cause of the following exception:

Traceback (most recent call last):
  File "C:\Users\max\AppData\Local\Programs\Python\Python312\Lib\site-packages\twisted\internet\defer.py", line 892, in _runCallbacks
    current.result = callback(  # type: ignore[misc]
                     ^^^^^^^^^^^^^^^^^^^^^^^^^^^^^^^
  File "C:\Users\max\Desktop\BookParser\BookParser\spiders\booking_update.py", line 118, in parse
    self.cursor.execute(sql, (
  File "C:\Users\max\AppData\Local\Programs\Python\Python312\Lib\site-packages\mysql\connector\cursor_cext.py", line 302, in execute
    raise ProgrammingError("Cursor is not connected", 2055) from err
mysql.connector.errors.ProgrammingError: 2055: Cursor is not connected
2023-12-22 02:42:11 [scrapy.core.engine] INFO: Closing spider (finished)
2023-12-22 02:42:11 [scrapy.statscollectors] INFO: Dumping Scrapy stats:
{'downloader/request_bytes': 19211,
 'downloader/request_count': 21,
 'downloader/request_method_count/GET': 21,
 'downloader/response_bytes': 6851635,
 'downloader/response_count': 21,
 'downloader/response_status_count/200': 21,
 'elapsed_time_seconds': 13.081616,
 'finish_reason': 'finished',
 'finish_time': datetime.datetime(2023, 12, 22, 0, 42, 11, 874087, tzinfo=datetime.timezone.utc),
 'httpcompression/response_bytes': 28050674,
 'httpcompression/response_count': 21,
 'log_count/DEBUG': 24,
 'log_count/ERROR': 16,
 'log_count/INFO': 10,
 'response_received_count': 21,
 'robotstxt/request_count': 1,
 'robotstxt/response_count': 1,
 'robotstxt/response_status_count/200': 1,
 'scheduler/dequeued': 20,
 'scheduler/dequeued/memory': 20,
 'scheduler/enqueued': 20,
 'scheduler/enqueued/memory': 20,
 'spider_exceptions/ProgrammingError': 16,
 'start_time': datetime.datetime(2023, 12, 22, 0, 41, 58, 792471, tzinfo=datetime.timezone.utc)}
2023-12-22 02:42:11 [scrapy.core.engine] INFO: Spider closed (finished)
2023-12-22 02:45:50 [scrapy.utils.log] INFO: Scrapy 2.11.0 started (bot: BookParser)
2023-12-22 02:45:51 [scrapy.utils.log] INFO: Versions: lxml 4.9.3.0, libxml2 2.10.3, cssselect 1.2.0, parsel 1.8.1, w3lib 2.1.2, Twisted 22.10.0, Python 3.12.0 (tags/v3.12.0:0fb18b0, Oct  2 2023, 13:03:39) [MSC v.1935 64 bit (AMD64)], pyOpenSSL 23.3.0 (OpenSSL 3.1.4 24 Oct 2023), cryptography 41.0.5, Platform Windows-11-10.0.22631-SP0
2023-12-22 02:45:51 [scrapy.addons] INFO: Enabled addons:
[]
2023-12-22 02:45:51 [asyncio] DEBUG: Using selector: SelectSelector
2023-12-22 02:45:51 [scrapy.utils.log] DEBUG: Using reactor: twisted.internet.asyncioreactor.AsyncioSelectorReactor
2023-12-22 02:45:51 [scrapy.utils.log] DEBUG: Using asyncio event loop: asyncio.windows_events._WindowsSelectorEventLoop
2023-12-22 02:45:51 [scrapy.extensions.telnet] INFO: Telnet Password: 31749a40f50dd903
2023-12-22 02:45:51 [scrapy.middleware] INFO: Enabled extensions:
['scrapy.extensions.corestats.CoreStats',
 'scrapy.extensions.telnet.TelnetConsole',
 'scrapy.extensions.logstats.LogStats']
2023-12-22 02:45:51 [scrapy.crawler] INFO: Overridden settings:
{'BOT_NAME': 'BookParser',
 'DOWNLOAD_DELAY': 0.4,
 'FEED_EXPORT_ENCODING': 'utf-8',
 'LOG_FILE': 'log_scrapy.log',
 'NEWSPIDER_MODULE': 'BookParser.spiders',
 'REQUEST_FINGERPRINTER_IMPLEMENTATION': '2.7',
 'ROBOTSTXT_OBEY': True,
 'SPIDER_MODULES': ['BookParser.spiders'],
 'TWISTED_REACTOR': 'twisted.internet.asyncioreactor.AsyncioSelectorReactor',
 'USER_AGENT': 'Mozilla/5.0 (Windows NT 10.0; Win64; x64) AppleWebKit/537.36 '
               '(KHTML, like Gecko) Chrome/58.0.3029.110 Safari/537.3'}
2023-12-22 02:45:51 [scrapy.middleware] INFO: Enabled downloader middlewares:
['scrapy.downloadermiddlewares.robotstxt.RobotsTxtMiddleware',
 'scrapy.downloadermiddlewares.httpauth.HttpAuthMiddleware',
 'scrapy.downloadermiddlewares.downloadtimeout.DownloadTimeoutMiddleware',
 'scrapy.downloadermiddlewares.defaultheaders.DefaultHeadersMiddleware',
 'scrapy.downloadermiddlewares.useragent.UserAgentMiddleware',
 'scrapy.downloadermiddlewares.retry.RetryMiddleware',
 'scrapy.downloadermiddlewares.redirect.MetaRefreshMiddleware',
 'scrapy.downloadermiddlewares.httpcompression.HttpCompressionMiddleware',
 'scrapy.downloadermiddlewares.redirect.RedirectMiddleware',
 'scrapy.downloadermiddlewares.cookies.CookiesMiddleware',
 'scrapy.downloadermiddlewares.httpproxy.HttpProxyMiddleware',
 'scrapy.downloadermiddlewares.stats.DownloaderStats']
2023-12-22 02:45:51 [scrapy.middleware] INFO: Enabled spider middlewares:
['scrapy.spidermiddlewares.httperror.HttpErrorMiddleware',
 'scrapy.spidermiddlewares.offsite.OffsiteMiddleware',
 'scrapy.spidermiddlewares.referer.RefererMiddleware',
 'scrapy.spidermiddlewares.urllength.UrlLengthMiddleware',
 'scrapy.spidermiddlewares.depth.DepthMiddleware']
2023-12-22 02:45:51 [scrapy.middleware] INFO: Enabled item pipelines:
[]
2023-12-22 02:45:51 [scrapy.core.engine] INFO: Spider opened
2023-12-22 02:45:51 [scrapy.extensions.logstats] INFO: Crawled 0 pages (at 0 pages/min), scraped 0 items (at 0 items/min)
2023-12-22 02:45:51 [scrapy.extensions.telnet] INFO: Telnet console listening on 127.0.0.1:6023
2023-12-22 02:45:51 [scrapy.core.engine] DEBUG: Crawled (200) <GET https://www.booking.com/robots.txt> (referer: None)
2023-12-22 02:45:54 [scrapy.core.engine] DEBUG: Crawled (200) <GET https://www.booking.com/hotel/id/eka-s-homestay.en-gb.html?group_adults=1&no_rooms=1&group_children=0&checkin=2024-01-22&checkout=2024-01-23&selected_currency=USD> (referer: None)
2023-12-22 02:45:55 [scrapy.core.engine] DEBUG: Crawled (200) <GET https://www.booking.com/hotel/id/tara-house.en-gb.html?group_adults=1&no_rooms=1&group_children=0&checkin=2024-01-22&checkout=2024-01-23&selected_currency=USD> (referer: None)
2023-12-22 02:45:56 [scrapy.core.engine] DEBUG: Crawled (200) <GET https://www.booking.com/hotel/id/pondok-bambu-homestay.en-gb.html?group_adults=1&no_rooms=1&group_children=0&checkin=2024-01-22&checkout=2024-01-23&selected_currency=USD> (referer: None)
2023-12-22 02:45:56 [scrapy.core.engine] DEBUG: Crawled (200) <GET https://www.booking.com/hotel/id/indalodge.en-gb.html?group_adults=1&no_rooms=1&group_children=0&checkin=2024-01-22&checkout=2024-01-23&selected_currency=USD> (referer: None)
2023-12-22 02:45:56 [scrapy.core.engine] DEBUG: Crawled (200) <GET https://www.booking.com/hotel/id/frangipani-bungalow.en-gb.html?group_adults=1&no_rooms=1&group_children=0&checkin=2024-01-22&checkout=2024-01-23&selected_currency=USD> (referer: None)
2023-12-22 02:45:57 [scrapy.core.engine] DEBUG: Crawled (200) <GET https://www.booking.com/hotel/id/kubu-taman-home-stay.en-gb.html?group_adults=1&no_rooms=1&group_children=0&checkin=2024-01-22&checkout=2024-01-23&selected_currency=USD> (referer: None)
2023-12-22 02:45:58 [scrapy.core.engine] DEBUG: Crawled (200) <GET https://www.booking.com/hotel/id/ww-backpackers.en-gb.html?group_adults=1&no_rooms=1&group_children=0&checkin=2024-01-22&checkout=2024-01-23&selected_currency=USD> (referer: None)
2023-12-22 02:45:58 [scrapy.core.engine] DEBUG: Crawled (200) <GET https://www.booking.com/hotel/id/jero-di-bisma-hostel.en-gb.html?group_adults=1&no_rooms=1&group_children=0&checkin=2024-01-22&checkout=2024-01-23&selected_currency=USD> (referer: None)
2023-12-22 02:45:58 [scrapy.core.engine] DEBUG: Crawled (200) <GET https://www.booking.com/hotel/id/santana-bali-home-stay.en-gb.html?group_adults=1&no_rooms=1&group_children=0&checkin=2024-01-22&checkout=2024-01-23&selected_currency=USD> (referer: None)
2023-12-22 02:45:58 [scrapy.core.engine] DEBUG: Crawled (200) <GET https://www.booking.com/hotel/id/poshtel-ubud-kabupaten-gianyar.en-gb.html?group_adults=1&no_rooms=1&group_children=0&checkin=2024-01-22&checkout=2024-01-23&selected_currency=USD> (referer: None)
2023-12-22 02:45:59 [scrapy.core.engine] DEBUG: Crawled (200) <GET https://www.booking.com/hotel/id/sari-bungalow.en-gb.html?group_adults=1&no_rooms=1&group_children=0&checkin=2024-01-22&checkout=2024-01-23&selected_currency=USD> (referer: None)
2023-12-22 02:46:00 [scrapy.core.engine] DEBUG: Crawled (200) <GET https://www.booking.com/hotel/id/adi-santia-bungalows.en-gb.html?group_adults=1&no_rooms=1&group_children=0&checkin=2024-01-22&checkout=2024-01-23&selected_currency=USD> (referer: None)
2023-12-22 02:46:00 [scrapy.core.engine] DEBUG: Crawled (200) <GET https://www.booking.com/hotel/id/praety-home-stay.en-gb.html?group_adults=1&no_rooms=1&group_children=0&checkin=2024-01-22&checkout=2024-01-23&selected_currency=USD> (referer: None)
2023-12-22 02:46:01 [scrapy.core.engine] DEBUG: Crawled (200) <GET https://www.booking.com/hotel/id/dewa-hostel-2.en-gb.html?group_adults=1&no_rooms=1&group_children=0&checkin=2024-01-22&checkout=2024-01-23&selected_currency=USD> (referer: None)
2023-12-22 02:46:01 [scrapy.core.engine] DEBUG: Crawled (200) <GET https://www.booking.com/hotel/id/gerhana-sari-2-bungalows.en-gb.html?group_adults=1&no_rooms=1&group_children=0&checkin=2024-01-22&checkout=2024-01-23&selected_currency=USD> (referer: None)
2023-12-22 02:46:02 [scrapy.core.engine] DEBUG: Crawled (200) <GET https://www.booking.com/hotel/id/ayu-homestay.en-gb.html?group_adults=1&no_rooms=1&group_children=0&checkin=2024-01-22&checkout=2024-01-23&selected_currency=USD> (referer: None)
2023-12-22 02:46:02 [scrapy.core.engine] DEBUG: Crawled (200) <GET https://www.booking.com/hotel/id/secret-garden-guest-house.en-gb.html?group_adults=1&no_rooms=1&group_children=0&checkin=2024-01-22&checkout=2024-01-23&selected_currency=USD> (referer: None)
2023-12-22 02:46:03 [scrapy.core.engine] DEBUG: Crawled (200) <GET https://www.booking.com/hotel/id/arjuna-house-ii.en-gb.html?group_adults=1&no_rooms=1&group_children=0&checkin=2024-01-22&checkout=2024-01-23&selected_currency=USD> (referer: None)
2023-12-22 02:46:03 [scrapy.core.engine] DEBUG: Crawled (200) <GET https://www.booking.com/hotel/id/puri-bayu-ubud2.en-gb.html?group_adults=1&no_rooms=1&group_children=0&checkin=2024-01-22&checkout=2024-01-23&selected_currency=USD> (referer: None)
2023-12-22 02:46:03 [scrapy.core.engine] DEBUG: Crawled (200) <GET https://www.booking.com/hotel/id/teja-home-stay.en-gb.html?group_adults=1&no_rooms=1&group_children=0&checkin=2024-01-22&checkout=2024-01-23&selected_currency=USD> (referer: None)
2023-12-22 02:46:04 [scrapy.core.engine] INFO: Closing spider (finished)
2023-12-22 02:46:04 [scrapy.statscollectors] INFO: Dumping Scrapy stats:
{'downloader/request_bytes': 19203,
 'downloader/request_count': 21,
 'downloader/request_method_count/GET': 21,
 'downloader/response_bytes': 6861946,
 'downloader/response_count': 21,
 'downloader/response_status_count/200': 21,
 'elapsed_time_seconds': 12.941567,
 'finish_reason': 'finished',
 'finish_time': datetime.datetime(2023, 12, 22, 0, 46, 4, 243005, tzinfo=datetime.timezone.utc),
 'httpcompression/response_bytes': 28065085,
 'httpcompression/response_count': 21,
 'log_count/DEBUG': 24,
 'log_count/INFO': 10,
 'response_received_count': 21,
 'robotstxt/request_count': 1,
 'robotstxt/response_count': 1,
 'robotstxt/response_status_count/200': 1,
 'scheduler/dequeued': 20,
 'scheduler/dequeued/memory': 20,
 'scheduler/enqueued': 20,
 'scheduler/enqueued/memory': 20,
 'start_time': datetime.datetime(2023, 12, 22, 0, 45, 51, 301438, tzinfo=datetime.timezone.utc)}
2023-12-22 02:46:04 [scrapy.core.engine] INFO: Spider closed (finished)
